2025-09-21 16:39:14 [main] INFO  c.e.m.ManagementSelectionAdminSeekApplication - Starting ManagementSelectionAdminSeekApplication using Java 21.0.8 with PID 30383 (/Users/gsuarezbaron/Desktop/Seek/management-selection-admin-seek/build/classes/java/main started by gsuarezbaron in /Users/gsuarezbaron/Desktop/Seek/management-selection-admin-seek)
2025-09-21 16:39:14 [main] INFO  c.e.m.ManagementSelectionAdminSeekApplication - No active profile set, falling back to 1 default profile: "default"
2025-09-21 16:39:15 [main] INFO  o.s.d.r.c.RepositoryConfigurationDelegate - Bootstrapping Spring Data JPA repositories in DEFAULT mode.
2025-09-21 16:39:15 [main] INFO  o.s.d.r.c.RepositoryConfigurationDelegate - Finished Spring Data repository scanning in 58 ms. Found 2 JPA repository interfaces.
2025-09-21 16:39:15 [main] INFO  o.s.b.w.e.tomcat.TomcatWebServer - Tomcat initialized with port 8080 (http)
2025-09-21 16:39:15 [main] INFO  o.a.catalina.core.StandardService - Starting service [Tomcat]
2025-09-21 16:39:15 [main] INFO  o.a.catalina.core.StandardEngine - Starting Servlet engine: [Apache Tomcat/10.1.46]
2025-09-21 16:39:15 [main] INFO  o.a.c.c.C.[.[localhost].[/api] - Initializing Spring embedded WebApplicationContext
2025-09-21 16:39:15 [main] INFO  o.s.b.w.s.c.ServletWebServerApplicationContext - Root WebApplicationContext: initialization completed in 1042 ms
2025-09-21 16:39:15 [main] INFO  com.zaxxer.hikari.HikariDataSource - HikariPool-1 - Starting...
2025-09-21 16:39:15 [main] INFO  com.zaxxer.hikari.pool.HikariPool - HikariPool-1 - Added connection com.mysql.cj.jdbc.ConnectionImpl@12670e55
2025-09-21 16:39:15 [main] INFO  com.zaxxer.hikari.HikariDataSource - HikariPool-1 - Start completed.
2025-09-21 16:39:15 [main] INFO  org.flywaydb.core.FlywayExecutor - Database: jdbc:mysql://localhost:3306/seek_admin_db?createDatabaseIfNotExist=true&useSSL=false&allowPublicKeyRetrieval=true&serverTimezone=UTC (MySQL 9.4)
2025-09-21 16:39:15 [main] WARN  o.f.c.i.database.base.Database - Flyway upgrade recommended: MySQL 9.4 is newer than this version of Flyway and support has not been tested. The latest supported version of MySQL is 8.1.
2025-09-21 16:39:15 [main] INFO  o.f.core.internal.command.DbValidate - Successfully validated 2 migrations (execution time 00:00.018s)
2025-09-21 16:39:15 [main] INFO  o.f.core.internal.command.DbMigrate - Current version of schema `seek_admin_db`: 2
2025-09-21 16:39:15 [main] INFO  o.f.core.internal.command.DbMigrate - Schema `seek_admin_db` is up to date. No migration necessary.
2025-09-21 16:39:16 [main] INFO  o.h.jpa.internal.util.LogHelper - HHH000204: Processing PersistenceUnitInfo [name: default]
2025-09-21 16:39:16 [main] INFO  org.hibernate.Version - HHH000412: Hibernate ORM core version 6.6.29.Final
2025-09-21 16:39:16 [main] INFO  o.h.c.i.RegionFactoryInitiator - HHH000026: Second-level cache disabled
2025-09-21 16:39:16 [main] INFO  o.s.o.j.p.SpringPersistenceUnitInfo - No LoadTimeWeaver setup: ignoring JPA class transformer
2025-09-21 16:39:16 [main] WARN  org.hibernate.orm.deprecation - HHH90000025: MySQLDialect does not need to be specified explicitly using 'hibernate.dialect' (remove the property setting and it will be selected by default)
2025-09-21 16:39:16 [main] INFO  o.hibernate.orm.connections.pooling - HHH10001005: Database info:
	Database JDBC URL [Connecting through datasource 'HikariDataSource (HikariPool-1)']
	Database driver: undefined/unknown
	Database version: 9.4
	Autocommit mode: undefined/unknown
	Isolation level: undefined/unknown
	Minimum pool size: undefined/unknown
	Maximum pool size: undefined/unknown
2025-09-21 16:39:16 [main] INFO  o.h.e.t.j.p.i.JtaPlatformInitiator - HHH000489: No JTA platform available (set 'hibernate.transaction.jta.platform' to enable JTA platform integration)
2025-09-21 16:39:16 [main] INFO  o.s.o.j.LocalContainerEntityManagerFactoryBean - Initialized JPA EntityManagerFactory for persistence unit 'default'
2025-09-21 16:39:16 [main] INFO  o.s.d.j.r.query.QueryEnhancerFactory - Hibernate is in classpath; If applicable, HQL parser will be used.
2025-09-21 16:39:17 [main] WARN  o.s.s.c.a.a.c.InitializeUserDetailsBeanManagerConfigurer$InitializeUserDetailsManagerConfigurer - Global AuthenticationManager configured with an AuthenticationProvider bean. UserDetailsService beans will not be used by Spring Security for automatically configuring username/password login. Consider removing the AuthenticationProvider bean. Alternatively, consider using the UserDetailsService in a manually instantiated DaoAuthenticationProvider. If the current configuration is intentional, to turn off this warning, increase the logging level of 'org.springframework.security.config.annotation.authentication.configuration.InitializeUserDetailsBeanManagerConfigurer' to ERROR
2025-09-21 16:39:17 [main] INFO  o.s.b.a.e.web.EndpointLinksResolver - Exposing 1 endpoint beneath base path '/actuator'
2025-09-21 16:39:17 [main] INFO  o.s.b.w.e.tomcat.TomcatWebServer - Tomcat started on port 8080 (http) with context path '/api'
2025-09-21 16:39:17 [main] INFO  c.e.m.ManagementSelectionAdminSeekApplication - Started ManagementSelectionAdminSeekApplication in 3.641 seconds (process running for 3.837)
2025-09-21 16:39:24 [http-nio-8080-exec-1] INFO  o.a.c.c.C.[.[localhost].[/api] - Initializing Spring DispatcherServlet 'dispatcherServlet'
2025-09-21 16:39:24 [http-nio-8080-exec-1] INFO  o.s.web.servlet.DispatcherServlet - Initializing Servlet 'dispatcherServlet'
2025-09-21 16:39:24 [http-nio-8080-exec-1] INFO  o.s.web.servlet.DispatcherServlet - Completed initialization in 1 ms
2025-09-21 16:40:46 [SpringApplicationShutdownHook] INFO  o.s.b.w.e.tomcat.GracefulShutdown - Commencing graceful shutdown. Waiting for active requests to complete
2025-09-21 16:40:46 [tomcat-shutdown] INFO  o.s.b.w.e.tomcat.GracefulShutdown - Graceful shutdown complete
2025-09-21 16:40:46 [SpringApplicationShutdownHook] INFO  o.s.o.j.LocalContainerEntityManagerFactoryBean - Closing JPA EntityManagerFactory for persistence unit 'default'
2025-09-21 16:40:46 [SpringApplicationShutdownHook] INFO  com.zaxxer.hikari.HikariDataSource - HikariPool-1 - Shutdown initiated...
2025-09-21 16:40:46 [SpringApplicationShutdownHook] INFO  com.zaxxer.hikari.HikariDataSource - HikariPool-1 - Shutdown completed.
2025-09-21 16:49:41 [main] INFO  c.e.m.ManagementSelectionAdminSeekApplication - Starting ManagementSelectionAdminSeekApplication using Java 21.0.8 with PID 32847 (/Users/gsuarezbaron/Desktop/Seek/management-selection-admin-seek/build/classes/java/main started by gsuarezbaron in /Users/gsuarezbaron/Desktop/Seek/management-selection-admin-seek)
2025-09-21 16:49:41 [main] INFO  c.e.m.ManagementSelectionAdminSeekApplication - No active profile set, falling back to 1 default profile: "default"
2025-09-21 16:49:42 [main] INFO  o.s.d.r.c.RepositoryConfigurationDelegate - Bootstrapping Spring Data JPA repositories in DEFAULT mode.
2025-09-21 16:49:42 [main] INFO  o.s.d.r.c.RepositoryConfigurationDelegate - Finished Spring Data repository scanning in 40 ms. Found 2 JPA repository interfaces.
2025-09-21 16:49:42 [main] INFO  o.s.b.w.e.tomcat.TomcatWebServer - Tomcat initialized with port 8080 (http)
2025-09-21 16:49:42 [main] INFO  o.a.catalina.core.StandardService - Starting service [Tomcat]
2025-09-21 16:49:42 [main] INFO  o.a.catalina.core.StandardEngine - Starting Servlet engine: [Apache Tomcat/10.1.46]
2025-09-21 16:49:42 [main] INFO  o.a.c.c.C.[.[localhost].[/api] - Initializing Spring embedded WebApplicationContext
2025-09-21 16:49:42 [main] INFO  o.s.b.w.s.c.ServletWebServerApplicationContext - Root WebApplicationContext: initialization completed in 1149 ms
2025-09-21 16:49:42 [main] INFO  com.zaxxer.hikari.HikariDataSource - HikariPool-1 - Starting...
2025-09-21 16:49:42 [main] INFO  com.zaxxer.hikari.pool.HikariPool - HikariPool-1 - Added connection com.mysql.cj.jdbc.ConnectionImpl@702f4124
2025-09-21 16:49:42 [main] INFO  com.zaxxer.hikari.HikariDataSource - HikariPool-1 - Start completed.
2025-09-21 16:49:42 [main] INFO  org.flywaydb.core.FlywayExecutor - Database: jdbc:mysql://localhost:3306/seek_admin_db?createDatabaseIfNotExist=true&useSSL=false&allowPublicKeyRetrieval=true&serverTimezone=UTC (MySQL 9.4)
2025-09-21 16:49:42 [main] WARN  o.f.c.i.database.base.Database - Flyway upgrade recommended: MySQL 9.4 is newer than this version of Flyway and support has not been tested. The latest supported version of MySQL is 8.1.
2025-09-21 16:49:42 [main] INFO  o.f.core.internal.command.DbValidate - Successfully validated 2 migrations (execution time 00:00.022s)
2025-09-21 16:49:42 [main] INFO  o.f.core.internal.command.DbMigrate - Current version of schema `seek_admin_db`: 2
2025-09-21 16:49:42 [main] INFO  o.f.core.internal.command.DbMigrate - Schema `seek_admin_db` is up to date. No migration necessary.
2025-09-21 16:49:43 [main] INFO  o.h.jpa.internal.util.LogHelper - HHH000204: Processing PersistenceUnitInfo [name: default]
2025-09-21 16:49:43 [main] INFO  org.hibernate.Version - HHH000412: Hibernate ORM core version 6.6.29.Final
2025-09-21 16:49:43 [main] INFO  o.h.c.i.RegionFactoryInitiator - HHH000026: Second-level cache disabled
2025-09-21 16:49:43 [main] INFO  o.s.o.j.p.SpringPersistenceUnitInfo - No LoadTimeWeaver setup: ignoring JPA class transformer
2025-09-21 16:49:43 [main] WARN  org.hibernate.orm.deprecation - HHH90000025: MySQLDialect does not need to be specified explicitly using 'hibernate.dialect' (remove the property setting and it will be selected by default)
2025-09-21 16:49:43 [main] INFO  o.hibernate.orm.connections.pooling - HHH10001005: Database info:
	Database JDBC URL [Connecting through datasource 'HikariDataSource (HikariPool-1)']
	Database driver: undefined/unknown
	Database version: 9.4
	Autocommit mode: undefined/unknown
	Isolation level: undefined/unknown
	Minimum pool size: undefined/unknown
	Maximum pool size: undefined/unknown
2025-09-21 16:49:43 [main] INFO  o.h.e.t.j.p.i.JtaPlatformInitiator - HHH000489: No JTA platform available (set 'hibernate.transaction.jta.platform' to enable JTA platform integration)
2025-09-21 16:49:43 [main] INFO  o.s.o.j.LocalContainerEntityManagerFactoryBean - Initialized JPA EntityManagerFactory for persistence unit 'default'
2025-09-21 16:49:43 [main] INFO  o.s.d.j.r.query.QueryEnhancerFactory - Hibernate is in classpath; If applicable, HQL parser will be used.
2025-09-21 16:49:44 [main] WARN  o.s.s.c.a.a.c.InitializeUserDetailsBeanManagerConfigurer$InitializeUserDetailsManagerConfigurer - Global AuthenticationManager configured with an AuthenticationProvider bean. UserDetailsService beans will not be used by Spring Security for automatically configuring username/password login. Consider removing the AuthenticationProvider bean. Alternatively, consider using the UserDetailsService in a manually instantiated DaoAuthenticationProvider. If the current configuration is intentional, to turn off this warning, increase the logging level of 'org.springframework.security.config.annotation.authentication.configuration.InitializeUserDetailsBeanManagerConfigurer' to ERROR
2025-09-21 16:49:44 [main] INFO  o.s.b.a.e.web.EndpointLinksResolver - Exposing 1 endpoint beneath base path '/actuator'
2025-09-21 16:49:45 [main] INFO  o.s.b.w.e.tomcat.TomcatWebServer - Tomcat started on port 8080 (http) with context path '/api'
2025-09-21 16:49:45 [main] INFO  c.e.m.ManagementSelectionAdminSeekApplication - Started ManagementSelectionAdminSeekApplication in 3.913 seconds (process running for 4.1)
2025-09-21 16:49:54 [http-nio-8080-exec-1] INFO  o.a.c.c.C.[.[localhost].[/api] - Initializing Spring DispatcherServlet 'dispatcherServlet'
2025-09-21 16:49:54 [http-nio-8080-exec-1] INFO  o.s.web.servlet.DispatcherServlet - Initializing Servlet 'dispatcherServlet'
2025-09-21 16:49:54 [http-nio-8080-exec-1] INFO  o.s.web.servlet.DispatcherServlet - Completed initialization in 2 ms
2025-09-21 16:50:04 [http-nio-8080-exec-2] INFO  c.e.m.controller.AuthController - Registration attempt for: demo_logs
2025-09-21 16:50:04 [http-nio-8080-exec-2] INFO  c.e.m.service.UserService - Registering new user: demo_logs
2025-09-21 16:50:05 [http-nio-8080-exec-2] INFO  c.e.m.service.UserService - User registered successfully with ID: 4
2025-09-21 16:50:05 [http-nio-8080-exec-2] INFO  c.e.m.controller.AuthController - Registration successful for: demo_logs
2025-09-21 16:50:14 [http-nio-8080-exec-4] INFO  c.e.m.controller.AuthController - Login attempt for: demo_logs
2025-09-21 16:50:14 [http-nio-8080-exec-4] INFO  c.e.m.controller.AuthController - Login successful for user: demo_logs
2025-09-21 16:50:42 [http-nio-8080-exec-4] INFO  c.e.m.controller.AuthController - Login attempt for: demo_logs
2025-09-21 16:50:43 [http-nio-8080-exec-4] WARN  c.e.m.e.GlobalExceptionHandler - Authentication failed on /api/auth/login: Bad credentials
2025-09-21 16:55:35 [http-nio-8080-exec-9] INFO  c.e.m.controller.AuthController - Login attempt for: admin
2025-09-21 16:55:36 [http-nio-8080-exec-9] WARN  c.e.m.e.GlobalExceptionHandler - Authentication failed on /api/auth/login: Bad credentials
2025-09-21 16:55:44 [http-nio-8080-exec-1] INFO  c.e.m.controller.AuthController - Registration attempt for: testuser
2025-09-21 16:55:44 [http-nio-8080-exec-1] INFO  c.e.m.service.UserService - Registering new user: testuser
2025-09-21 16:55:44 [http-nio-8080-exec-1] WARN  c.e.m.e.GlobalExceptionHandler - Resource conflict on /api/auth/register: User already exists with username: testuser
2025-09-21 16:56:23 [http-nio-8080-exec-3] INFO  c.e.m.controller.AuthController - Login attempt for: testuser
2025-09-21 16:56:23 [http-nio-8080-exec-3] INFO  c.e.m.controller.AuthController - Login successful for user: testuser
2025-09-21 16:58:15 [http-nio-8080-exec-5] INFO  c.e.m.controller.AuthController - Login attempt for: fake_user
2025-09-21 16:58:15 [http-nio-8080-exec-5] WARN  c.e.m.e.GlobalExceptionHandler - Authentication failed on /api/auth/login: User not found: fake_user
2025-09-21 16:58:33 [http-nio-8080-exec-7] INFO  c.e.m.controller.AuthController - Login attempt for: testuser
2025-09-21 16:58:33 [http-nio-8080-exec-7] INFO  c.e.m.controller.AuthController - Login successful for user: testuser
2025-09-21 17:00:15 [http-nio-8080-exec-9] WARN  c.e.m.e.GlobalExceptionHandler - Validation error on /api/auth/login: Validation failed for argument [0] in public org.springframework.http.ResponseEntity<com.example.management_selection_admin_seek.dto.auth.LoginResponse> com.example.management_selection_admin_seek.controller.AuthController.login(com.example.management_selection_admin_seek.dto.auth.LoginRequest): [Field error in object 'loginRequest' on field 'password': rejected value [wrong]; codes [Size.loginRequest.password,Size.password,Size.java.lang.String,Size]; arguments [org.springframework.context.support.DefaultMessageSourceResolvable: codes [loginRequest.password,password]; arguments []; default message [password],2147483647,8]; default message [Password must be at least 8 characters]] 
2025-09-21 17:00:15 [http-nio-8080-exec-1] INFO  c.e.m.controller.AuthController - Login attempt for: testuser
2025-09-21 17:00:15 [http-nio-8080-exec-1] INFO  c.e.m.controller.AuthController - Login successful for user: testuser
2025-09-21 17:01:20 [http-nio-8080-exec-3] INFO  c.e.m.controller.AuthController - Login attempt for: testuser
2025-09-21 17:01:20 [http-nio-8080-exec-3] INFO  c.e.m.controller.AuthController - Login successful for user: testuser
2025-09-21 17:01:20 [http-nio-8080-exec-5] INFO  c.e.m.controller.AuthController - Login attempt for: admin
2025-09-21 17:01:21 [http-nio-8080-exec-5] WARN  c.e.m.e.GlobalExceptionHandler - Authentication failed on /api/auth/login: Bad credentials
2025-09-21 17:04:49 [http-nio-8080-exec-7] INFO  c.e.m.controller.AuthController - Login attempt for: testuser
2025-09-21 17:04:49 [http-nio-8080-exec-7] INFO  c.e.m.controller.AuthController - Login successful for user: testuser
2025-09-21 17:04:49 [http-nio-8080-exec-9] INFO  c.e.m.controller.AuthController - Login attempt for: fake
2025-09-21 17:04:50 [http-nio-8080-exec-9] WARN  c.e.m.e.GlobalExceptionHandler - Authentication failed on /api/auth/login: User not found: fake
